<?xml version="1.0" encoding="UTF-8"?>
<testng-results ignored="0" total="1" passed="1" failed="0" skipped="0">
  <reporter-output>
  </reporter-output>
  <suite started-at="2022-06-29T21:39:55 MSK" name="All Test Suite" finished-at="2022-06-29T21:39:57 MSK" duration-ms="2196">
    <groups>
    </groups>
    <test started-at="2022-06-29T21:39:55 MSK" name="C:/Users/dymer/OneDrive/������� ����/project/AutoTests/AutoTests/MyFrameWork" finished-at="2022-06-29T21:39:57 MSK" duration-ms="2196">
      <class name="checkState.CheckState">
        <test-method signature="checkStateList()[pri:0, instance:checkState.CheckState@57c6feea]" started-at="2022-06-29T21:39:55 MSK" name="checkStateList" finished-at="2022-06-29T21:39:57 MSK" duration-ms="1980" status="PASS">
          <reporter-output>
          </reporter-output>
        </test-method> <!-- checkStateList -->
        <test-method is-config="true" signature="clearCookiesAndLocalStorage()[pri:0, instance:checkState.CheckState@57c6feea]" started-at="2022-06-29T21:39:57 MSK" name="clearCookiesAndLocalStorage" finished-at="2022-06-29T21:39:57 MSK" duration-ms="46" status="PASS">
          <reporter-output>
          </reporter-output>
        </test-method> <!-- clearCookiesAndLocalStorage -->
        <test-method is-config="true" signature="close()[pri:0, instance:checkState.CheckState@57c6feea]" started-at="2022-06-29T21:39:57 MSK" name="close" finished-at="2022-06-29T21:39:57 MSK" duration-ms="1" status="PASS">
          <reporter-output>
          </reporter-output>
        </test-method> <!-- close -->
      </class> <!-- checkState.CheckState -->
    </test> <!-- C:/Users/dymer/OneDrive/������� ����/project/AutoTests/AutoTests/MyFrameWork -->
  </suite> <!-- All Test Suite -->
</testng-results>
